16:29:57.298 [ApplicationImpl pooled thread 189] INFO  c.b.l.BrowserStackRunExtension - testng
16:29:57.298 [ApplicationImpl pooled thread 189] INFO  com.browserstack.utils.Helpers - null
16:29:57.298 [ApplicationImpl pooled thread 189] INFO  c.b.l.BrowserStackRunExtension - Agent path: null
16:31:04.069 [ApplicationImpl pooled thread 189] INFO  c.b.l.BrowserStackRunExtension - testng
16:31:04.070 [ApplicationImpl pooled thread 189] INFO  com.browserstack.utils.Helpers - null
16:31:04.072 [ApplicationImpl pooled thread 189] INFO  c.b.l.BrowserStackRunExtension - Agent path: null
16:31:46.465 [ApplicationImpl pooled thread 189] INFO  c.b.l.BrowserStackRunExtension - testng
16:31:46.466 [ApplicationImpl pooled thread 189] INFO  com.browserstack.utils.Helpers - null
16:31:46.466 [ApplicationImpl pooled thread 189] INFO  c.b.l.BrowserStackRunExtension - Agent path: null
16:32:37.442 [ApplicationImpl pooled thread 198] INFO  c.b.l.BrowserStackRunExtension - testng
16:32:37.443 [ApplicationImpl pooled thread 198] INFO  com.browserstack.utils.Helpers - null
16:32:37.443 [ApplicationImpl pooled thread 198] INFO  c.b.l.BrowserStackRunExtension - Agent path: null
16:33:52.439 [ApplicationImpl pooled thread 194] INFO  c.b.l.BrowserStackRunExtension - testng
16:33:52.440 [ApplicationImpl pooled thread 194] INFO  com.browserstack.utils.Helpers - null
16:33:52.441 [ApplicationImpl pooled thread 194] INFO  c.b.l.BrowserStackRunExtension - Agent path: null
16:35:47.531 [ApplicationImpl pooled thread 199] INFO  c.b.l.BrowserStackRunExtension - testng
16:35:47.532 [ApplicationImpl pooled thread 199] INFO  com.browserstack.utils.Helpers - null
16:35:47.532 [ApplicationImpl pooled thread 199] INFO  c.b.l.BrowserStackRunExtension - Agent path: null
16:42:41.559 [ApplicationImpl pooled thread 201] INFO  c.b.l.BrowserStackRunExtension - testng
16:42:41.560 [ApplicationImpl pooled thread 201] INFO  com.browserstack.utils.Helpers - null
16:42:41.562 [ApplicationImpl pooled thread 201] INFO  c.b.l.BrowserStackRunExtension - Agent path: null
16:46:27.544 [ApplicationImpl pooled thread 211] INFO  c.b.l.BrowserStackRunExtension - testng
16:46:27.545 [ApplicationImpl pooled thread 211] INFO  com.browserstack.utils.Helpers - null
16:46:27.546 [ApplicationImpl pooled thread 211] INFO  c.b.l.BrowserStackRunExtension - Agent path: null
16:48:05.127 [ApplicationImpl pooled thread 205] INFO  c.b.l.BrowserStackRunExtension - testng
16:48:05.127 [ApplicationImpl pooled thread 205] INFO  com.browserstack.utils.Helpers - null
16:48:05.128 [ApplicationImpl pooled thread 205] INFO  c.b.l.BrowserStackRunExtension - Agent path: null
19:00:00.685 [ApplicationImpl pooled thread 217] INFO  c.b.l.BrowserStackRunExtension - testng
19:00:00.686 [ApplicationImpl pooled thread 217] INFO  com.browserstack.utils.Helpers - null
19:00:00.689 [ApplicationImpl pooled thread 217] INFO  c.b.l.BrowserStackRunExtension - Agent path: null
19:04:42.615 [ApplicationImpl pooled thread 231] INFO  c.b.l.BrowserStackRunExtension - testng
19:04:42.616 [ApplicationImpl pooled thread 231] INFO  com.browserstack.utils.Helpers - null
19:04:42.617 [ApplicationImpl pooled thread 231] INFO  c.b.l.BrowserStackRunExtension - Agent path: null
19:07:25.618 [ApplicationImpl pooled thread 228] INFO  c.b.l.BrowserStackRunExtension - testng
19:07:25.619 [ApplicationImpl pooled thread 228] INFO  com.browserstack.utils.Helpers - null
19:07:25.619 [ApplicationImpl pooled thread 228] INFO  c.b.l.BrowserStackRunExtension - Agent path: null
19:08:11.015 [ApplicationImpl pooled thread 231] INFO  c.b.l.BrowserStackRunExtension - testng
19:08:11.016 [ApplicationImpl pooled thread 231] INFO  com.browserstack.utils.Helpers - null
19:08:11.018 [ApplicationImpl pooled thread 231] INFO  c.b.l.BrowserStackRunExtension - Agent path: null
19:13:57.912 [ApplicationImpl pooled thread 228] INFO  c.b.l.BrowserStackRunExtension - testng
19:13:57.912 [ApplicationImpl pooled thread 228] INFO  com.browserstack.utils.Helpers - null
19:13:57.913 [ApplicationImpl pooled thread 228] INFO  c.b.l.BrowserStackRunExtension - Agent path: null
23:48:22.832 [ApplicationImpl pooled thread 322] INFO  c.b.l.BrowserStackRunExtension - testng
23:48:22.832 [ApplicationImpl pooled thread 322] INFO  com.browserstack.utils.Helpers - null
23:48:22.835 [ApplicationImpl pooled thread 322] INFO  c.b.l.BrowserStackRunExtension - Agent path: null
00:00:14.355 [ApplicationImpl pooled thread 336] INFO  c.b.l.BrowserStackRunExtension - testng
00:00:14.356 [ApplicationImpl pooled thread 336] INFO  com.browserstack.utils.Helpers - null
00:00:14.356 [ApplicationImpl pooled thread 336] INFO  c.b.l.BrowserStackRunExtension - Agent path: null
11:18:27.032 [ApplicationImpl pooled thread 382] INFO  c.b.l.BrowserStackRunExtension - testng
11:18:27.033 [ApplicationImpl pooled thread 382] INFO  com.browserstack.utils.Helpers - null
11:18:27.033 [ApplicationImpl pooled thread 382] INFO  c.b.l.BrowserStackRunExtension - Agent path: null
11:19:20.826 [ApplicationImpl pooled thread 380] INFO  c.b.l.BrowserStackRunExtension - testng
11:19:20.827 [ApplicationImpl pooled thread 380] INFO  com.browserstack.utils.Helpers - null
11:19:20.829 [ApplicationImpl pooled thread 380] INFO  c.b.l.BrowserStackRunExtension - Agent path: null
11:19:59.390 [ApplicationImpl pooled thread 389] INFO  c.b.l.BrowserStackRunExtension - testng
11:19:59.390 [ApplicationImpl pooled thread 389] INFO  com.browserstack.utils.Helpers - null
11:19:59.392 [ApplicationImpl pooled thread 389] INFO  c.b.l.BrowserStackRunExtension - Agent path: null
11:37:09.482 [ApplicationImpl pooled thread 400] INFO  c.b.l.BrowserStackRunExtension - testng
11:37:09.482 [ApplicationImpl pooled thread 400] INFO  com.browserstack.utils.Helpers - null
11:37:09.483 [ApplicationImpl pooled thread 400] INFO  c.b.l.BrowserStackRunExtension - Agent path: null
11:42:51.609 [ApplicationImpl pooled thread 410] INFO  c.b.l.BrowserStackRunExtension - testng
11:42:51.610 [ApplicationImpl pooled thread 410] INFO  com.browserstack.utils.Helpers - null
11:42:51.612 [ApplicationImpl pooled thread 410] INFO  c.b.l.BrowserStackRunExtension - Agent path: null
12:18:16.687 [ApplicationImpl pooled thread 442] INFO  c.b.l.BrowserStackRunExtension - testng
12:18:16.687 [ApplicationImpl pooled thread 442] INFO  com.browserstack.utils.Helpers - null
12:18:16.689 [ApplicationImpl pooled thread 442] INFO  c.b.l.BrowserStackRunExtension - Agent path: null
12:20:12.969 [ApplicationImpl pooled thread 434] INFO  c.b.l.BrowserStackRunExtension - testng
12:20:12.970 [ApplicationImpl pooled thread 434] INFO  com.browserstack.utils.Helpers - null
12:20:12.974 [ApplicationImpl pooled thread 434] INFO  c.b.l.BrowserStackRunExtension - Agent path: null
13:11:19.359 [ApplicationImpl pooled thread 489] INFO  c.b.l.BrowserStackRunExtension - testng
13:11:19.360 [ApplicationImpl pooled thread 489] INFO  com.browserstack.utils.Helpers - null
13:11:19.360 [ApplicationImpl pooled thread 489] INFO  c.b.l.BrowserStackRunExtension - Agent path: null
13:12:57.445 [ApplicationImpl pooled thread 485] INFO  c.b.l.BrowserStackRunExtension - testng
13:12:57.446 [ApplicationImpl pooled thread 485] INFO  com.browserstack.utils.Helpers - null
13:12:57.447 [ApplicationImpl pooled thread 485] INFO  c.b.l.BrowserStackRunExtension - Agent path: null
13:14:15.239 [ApplicationImpl pooled thread 493] INFO  c.b.l.BrowserStackRunExtension - testng
13:14:15.240 [ApplicationImpl pooled thread 493] INFO  com.browserstack.utils.Helpers - null
13:14:15.241 [ApplicationImpl pooled thread 493] INFO  c.b.l.BrowserStackRunExtension - Agent path: null
14:28:21.863 [ApplicationImpl pooled thread 504] INFO  c.b.l.BrowserStackRunExtension - testng
14:28:21.864 [ApplicationImpl pooled thread 504] INFO  com.browserstack.utils.Helpers - null
14:28:21.867 [ApplicationImpl pooled thread 504] INFO  c.b.l.BrowserStackRunExtension - Agent path: null
14:39:03.662 [ApplicationImpl pooled thread 516] INFO  c.b.l.BrowserStackRunExtension - testng
14:39:03.663 [ApplicationImpl pooled thread 516] INFO  com.browserstack.utils.Helpers - null
14:39:03.663 [ApplicationImpl pooled thread 516] INFO  c.b.l.BrowserStackRunExtension - Agent path: null
14:43:26.525 [ApplicationImpl pooled thread 516] INFO  c.b.l.BrowserStackRunExtension - testng
14:43:26.526 [ApplicationImpl pooled thread 516] INFO  com.browserstack.utils.Helpers - null
14:43:26.527 [ApplicationImpl pooled thread 516] INFO  c.b.l.BrowserStackRunExtension - Agent path: null
14:46:15.766 [ApplicationImpl pooled thread 528] INFO  c.b.l.BrowserStackRunExtension - testng
14:46:15.767 [ApplicationImpl pooled thread 528] INFO  com.browserstack.utils.Helpers - null
14:46:15.770 [ApplicationImpl pooled thread 528] INFO  c.b.l.BrowserStackRunExtension - Agent path: null
14:49:01.137 [ApplicationImpl pooled thread 530] INFO  c.b.l.BrowserStackRunExtension - testng
14:49:01.138 [ApplicationImpl pooled thread 530] INFO  com.browserstack.utils.Helpers - null
14:49:01.140 [ApplicationImpl pooled thread 530] INFO  c.b.l.BrowserStackRunExtension - Agent path: null
14:50:05.937 [ApplicationImpl pooled thread 524] INFO  c.b.l.BrowserStackRunExtension - testng
14:50:05.937 [ApplicationImpl pooled thread 524] INFO  com.browserstack.utils.Helpers - null
14:50:05.939 [ApplicationImpl pooled thread 524] INFO  c.b.l.BrowserStackRunExtension - Agent path: null
14:50:56.623 [ApplicationImpl pooled thread 524] INFO  c.b.l.BrowserStackRunExtension - testng
14:50:56.623 [ApplicationImpl pooled thread 524] INFO  com.browserstack.utils.Helpers - null
14:50:56.625 [ApplicationImpl pooled thread 524] INFO  c.b.l.BrowserStackRunExtension - Agent path: null
15:14:57.877 [ApplicationImpl pooled thread 547] INFO  c.b.l.BrowserStackRunExtension - testng
15:14:57.878 [ApplicationImpl pooled thread 547] INFO  com.browserstack.utils.Helpers - null
15:14:57.878 [ApplicationImpl pooled thread 547] INFO  c.b.l.BrowserStackRunExtension - Agent path: null
15:21:14.466 [ApplicationImpl pooled thread 545] INFO  c.b.l.BrowserStackRunExtension - testng
15:21:14.467 [ApplicationImpl pooled thread 545] INFO  com.browserstack.utils.Helpers - null
15:21:14.467 [ApplicationImpl pooled thread 545] INFO  c.b.l.BrowserStackRunExtension - Agent path: null
15:23:03.222 [ApplicationImpl pooled thread 558] INFO  c.b.l.BrowserStackRunExtension - testng
15:23:03.223 [ApplicationImpl pooled thread 558] INFO  com.browserstack.utils.Helpers - null
15:23:03.225 [ApplicationImpl pooled thread 558] INFO  c.b.l.BrowserStackRunExtension - Agent path: null
15:26:19.177 [ApplicationImpl pooled thread 557] INFO  c.b.l.BrowserStackRunExtension - testng
15:26:19.178 [ApplicationImpl pooled thread 557] INFO  com.browserstack.utils.Helpers - null
15:26:19.179 [ApplicationImpl pooled thread 557] INFO  c.b.l.BrowserStackRunExtension - Agent path: null
16:04:11.288 [ApplicationImpl pooled thread 596] INFO  c.b.l.BrowserStackRunExtension - testng
16:04:11.289 [ApplicationImpl pooled thread 596] INFO  com.browserstack.utils.Helpers - null
16:04:11.289 [ApplicationImpl pooled thread 596] INFO  c.b.l.BrowserStackRunExtension - Agent path: null
16:09:02.818 [ApplicationImpl pooled thread 591] INFO  c.b.l.BrowserStackRunExtension - testng
16:09:02.818 [ApplicationImpl pooled thread 591] INFO  com.browserstack.utils.Helpers - null
16:09:02.819 [ApplicationImpl pooled thread 591] INFO  c.b.l.BrowserStackRunExtension - Agent path: null
16:10:13.152 [ApplicationImpl pooled thread 601] INFO  c.b.l.BrowserStackRunExtension - testng
16:10:13.153 [ApplicationImpl pooled thread 601] INFO  com.browserstack.utils.Helpers - null
16:10:13.153 [ApplicationImpl pooled thread 601] INFO  c.b.l.BrowserStackRunExtension - Agent path: null
16:11:07.651 [ApplicationImpl pooled thread 604] INFO  c.b.l.BrowserStackRunExtension - testng
16:11:07.652 [ApplicationImpl pooled thread 604] INFO  com.browserstack.utils.Helpers - null
16:11:07.654 [ApplicationImpl pooled thread 604] INFO  c.b.l.BrowserStackRunExtension - Agent path: null
16:13:27.923 [ApplicationImpl pooled thread 604] INFO  c.b.l.BrowserStackRunExtension - testng
16:13:27.924 [ApplicationImpl pooled thread 604] INFO  com.browserstack.utils.Helpers - null
16:13:27.925 [ApplicationImpl pooled thread 604] INFO  c.b.l.BrowserStackRunExtension - Agent path: null
16:15:05.635 [ApplicationImpl pooled thread 601] INFO  c.b.l.BrowserStackRunExtension - testng
16:15:05.636 [ApplicationImpl pooled thread 601] INFO  com.browserstack.utils.Helpers - null
16:15:05.639 [ApplicationImpl pooled thread 601] INFO  c.b.l.BrowserStackRunExtension - Agent path: null
16:15:45.481 [ApplicationImpl pooled thread 607] INFO  c.b.l.BrowserStackRunExtension - testng
16:15:45.481 [ApplicationImpl pooled thread 607] INFO  com.browserstack.utils.Helpers - null
16:15:45.483 [ApplicationImpl pooled thread 607] INFO  c.b.l.BrowserStackRunExtension - Agent path: null
16:17:11.217 [ApplicationImpl pooled thread 604] INFO  c.b.l.BrowserStackRunExtension - testng
16:17:11.218 [ApplicationImpl pooled thread 604] INFO  com.browserstack.utils.Helpers - null
16:17:11.218 [ApplicationImpl pooled thread 604] INFO  c.b.l.BrowserStackRunExtension - Agent path: null
16:17:45.645 [ApplicationImpl pooled thread 604] INFO  c.b.l.BrowserStackRunExtension - testng
16:17:45.645 [ApplicationImpl pooled thread 604] INFO  com.browserstack.utils.Helpers - null
16:17:45.647 [ApplicationImpl pooled thread 604] INFO  c.b.l.BrowserStackRunExtension - Agent path: null
14:07:51.905 [ApplicationImpl pooled thread 119] INFO  c.b.l.BrowserStackRunExtension - application
14:07:51.908 [ApplicationImpl pooled thread 119] INFO  com.browserstack.utils.Helpers - null
14:13:32.429 [ApplicationImpl pooled thread 119] INFO  c.b.l.BrowserStackRunExtension - application
14:13:32.430 [ApplicationImpl pooled thread 119] INFO  com.browserstack.utils.Helpers - null
14:13:49.008 [ApplicationImpl pooled thread 123] INFO  c.b.l.BrowserStackRunExtension - application
14:13:49.008 [ApplicationImpl pooled thread 123] INFO  com.browserstack.utils.Helpers - null
14:14:14.903 [ApplicationImpl pooled thread 123] INFO  c.b.l.BrowserStackRunExtension - application
14:14:14.903 [ApplicationImpl pooled thread 123] INFO  com.browserstack.utils.Helpers - null
14:14:20.486 [ApplicationImpl pooled thread 128] INFO  c.b.l.BrowserStackRunExtension - application
14:14:20.486 [ApplicationImpl pooled thread 128] INFO  com.browserstack.utils.Helpers - null
14:22:03.108 [ApplicationImpl pooled thread 129] INFO  c.b.l.BrowserStackRunExtension - application
14:22:03.109 [ApplicationImpl pooled thread 129] INFO  com.browserstack.utils.Helpers - null
14:22:23.792 [ApplicationImpl pooled thread 129] INFO  c.b.l.BrowserStackRunExtension - application
14:22:23.792 [ApplicationImpl pooled thread 129] INFO  com.browserstack.utils.Helpers - null
14:22:38.344 [ApplicationImpl pooled thread 134] INFO  c.b.l.BrowserStackRunExtension - application
14:22:38.344 [ApplicationImpl pooled thread 134] INFO  com.browserstack.utils.Helpers - null
12:32:51.616 [AWT-EventQueue-0] INFO  c.b.actions.DisableBrowserStack - Setting disable browserstack run update
12:32:51.809 [AWT-EventQueue-0] INFO  c.b.actions.EnableBrowserStack - Setting enable browserstack run update
12:44:18.037 [ApplicationImpl pooled thread 482] INFO  c.b.l.BrowserStackRunExtension - testng
12:44:18.038 [ApplicationImpl pooled thread 482] INFO  com.browserstack.utils.Helpers - null
12:44:18.038 [ApplicationImpl pooled thread 482] INFO  c.b.l.BrowserStackRunExtension - Agent path: null
12:44:28.600 [ApplicationImpl pooled thread 475] INFO  c.b.l.BrowserStackRunExtension - testng
12:44:28.600 [ApplicationImpl pooled thread 475] INFO  com.browserstack.utils.Helpers - null
12:44:28.602 [ApplicationImpl pooled thread 475] INFO  c.b.l.BrowserStackRunExtension - Agent path: null
12:45:30.043 [ApplicationImpl pooled thread 462] INFO  c.b.l.BrowserStackRunExtension - testng
12:45:30.044 [ApplicationImpl pooled thread 462] INFO  com.browserstack.utils.Helpers - null
12:45:30.045 [ApplicationImpl pooled thread 462] INFO  c.b.l.BrowserStackRunExtension - Agent path: null
12:58:49.268 [ApplicationImpl pooled thread 492] INFO  c.b.l.BrowserStackRunExtension - testng
12:58:49.269 [ApplicationImpl pooled thread 492] INFO  com.browserstack.utils.Helpers - null
12:58:49.271 [ApplicationImpl pooled thread 492] INFO  c.b.l.BrowserStackRunExtension - Agent path: null
14:31:52.794 [ApplicationImpl pooled thread 539] INFO  c.b.l.BrowserStackRunExtension - testng
14:31:52.796 [ApplicationImpl pooled thread 539] INFO  com.browserstack.utils.Helpers - null
14:31:52.797 [ApplicationImpl pooled thread 539] INFO  c.b.l.BrowserStackRunExtension - Agent path: null
17:13:37.146 [ApplicationImpl pooled thread 654] INFO  c.b.l.BrowserStackRunExtension - testng
17:13:37.147 [ApplicationImpl pooled thread 654] INFO  com.browserstack.utils.Helpers - null
17:13:37.147 [ApplicationImpl pooled thread 654] INFO  c.b.l.BrowserStackRunExtension - Agent path: null
